11:30:00 **** Incremental Build of configuration Debug for project F479_Pinout ****
make -j12 all 
arm-none-eabi-g++ "../Core/Src/main.cpp" -mcpu=cortex-m4 -std=gnu++14 -g3 -DDEBUG -DUSE_HAL_DRIVER -DSTM32F479xx -c -I../Core/Inc -I../Drivers/STM32F4xx_HAL_Driver/Inc -I../Drivers/STM32F4xx_HAL_Driver/Inc/Legacy -I../Drivers/CMSIS/Device/ST/STM32F4xx/Include -I../Drivers/CMSIS/Include -O0 -ffunction-sections -fdata-sections -fno-exceptions -fno-rtti -fno-use-cxa-atexit -Wall -fstack-usage -MMD -MP -MF"Core/Src/main.d" -MT"Core/Src/main.o" --specs=nano.specs -mfpu=fpv4-sp-d16 -mfloat-abi=hard -mthumb -o "Core/Src/main.o"
../Core/Src/main.cpp: In function 'int main()':
../Core/Src/main.cpp:150:15: warning: unused variable 'allload' [-Wunused-variable]
  150 |         float allload = 0.0f;
      |               ^~~~~~~
arm-none-eabi-g++ -o "F479_Pinout.elf" @"objects.list"   -mcpu=cortex-m4 -T"C:\Users\INSTED\Desktop\INSTED_WORKSPACE\FF64-MTQ\F479_Pinout\STM32F479VITX_FLASH.ld" -Wl,-Map="F479_Pinout.map" -Wl,--gc-sections -static --specs=nano.specs -mfpu=fpv4-sp-d16 -mfloat-abi=hard -mthumb -u _printf_float -u _scanf_float -Wl,--start-group -lc -lm -lstdc++ -lsupc++ -Wl,--end-group
Finished building target: F479_Pinout.elf
 
arm-none-eabi-size   F479_Pinout.elf 
arm-none-eabi-objdump -h -S  F479_Pinout.elf  > "F479_Pinout.list"
   text	   data	    bss	    dec	    hex	filename
  45728	    496	   2220	  48444	   bd3c	F479_Pinout.elf
Finished building: default.size.stdout
 
Finished building: F479_Pinout.list
 
11:30:54 **** Incremental Build of configuration Debug for project F479_Pinout ****
make -j12 all 
arm-none-eabi-size   F479_Pinout.elf 
   text	   data	    bss	    dec	    hex	filename
  45728	    496	   2220	  48444	   bd3c	F479_Pinout.elf
Finished building: default.size.stdout
 
12:25:44 **** Incremental Build of configuration Debug for project F479_Pinout ****
make -j12 all 
arm-none-eabi-size   F479_Pinout.elf 
   text	   data	    bss	    dec	    hex	filename
  45728	    496	   2220	  48444	   bd3c	F479_Pinout.elf
Finished building: default.size.stdout
 
12:25:56 **** Incremental Build of configuration Debug for project F479_Pinout ****
make -j12 all 
arm-none-eabi-g++ "../Core/Src/main.cpp" -mcpu=cortex-m4 -std=gnu++14 -g3 -DDEBUG -DUSE_HAL_DRIVER -DSTM32F479xx -c -I../Core/Inc -I../Drivers/STM32F4xx_HAL_Driver/Inc -I../Drivers/STM32F4xx_HAL_Driver/Inc/Legacy -I../Drivers/CMSIS/Device/ST/STM32F4xx/Include -I../Drivers/CMSIS/Include -O0 -ffunction-sections -fdata-sections -fno-exceptions -fno-rtti -fno-use-cxa-atexit -Wall -fstack-usage -MMD -MP -MF"Core/Src/main.d" -MT"Core/Src/main.o" --specs=nano.specs -mfpu=fpv4-sp-d16 -mfloat-abi=hard -mthumb -o "Core/Src/main.o"
../Core/Src/main.cpp: In function 'int main()':
../Core/Src/main.cpp:150:15: warning: unused variable 'allload' [-Wunused-variable]
  150 |         float allload = 0.0f;
      |               ^~~~~~~
arm-none-eabi-g++ -o "F479_Pinout.elf" @"objects.list"   -mcpu=cortex-m4 -T"C:\Users\INSTED\Desktop\INSTED_WORKSPACE\FF64-MTQ\F479_Pinout\STM32F479VITX_FLASH.ld" -Wl,-Map="F479_Pinout.map" -Wl,--gc-sections -static --specs=nano.specs -mfpu=fpv4-sp-d16 -mfloat-abi=hard -mthumb -u _printf_float -u _scanf_float -Wl,--start-group -lc -lm -lstdc++ -lsupc++ -Wl,--end-group
Finished building target: F479_Pinout.elf
 
arm-none-eabi-size   F479_Pinout.elf 
arm-none-eabi-objdump -h -S  F479_Pinout.elf  > "F479_Pinout.list"
   text	   data	    bss	    dec	    hex	filename
  45728	    496	   2220	  48444	   bd3c	F479_Pinout.elf
Finished building: default.size.stdout
 
Finished building: F479_Pinout.list
 
14:25:55 **** Incremental Build of configuration Debug for project F479_Pinout ****
make -j12 all 
arm-none-eabi-g++ "../Core/Src/main.cpp" -mcpu=cortex-m4 -std=gnu++14 -g3 -DDEBUG -DUSE_HAL_DRIVER -DSTM32F479xx -c -I../Core/Inc -I../Drivers/STM32F4xx_HAL_Driver/Inc -I../Drivers/STM32F4xx_HAL_Driver/Inc/Legacy -I../Drivers/CMSIS/Device/ST/STM32F4xx/Include -I../Drivers/CMSIS/Include -O0 -ffunction-sections -fdata-sections -fno-exceptions -fno-rtti -fno-use-cxa-atexit -Wall -fstack-usage -MMD -MP -MF"Core/Src/main.d" -MT"Core/Src/main.o" --specs=nano.specs -mfpu=fpv4-sp-d16 -mfloat-abi=hard -mthumb -o "Core/Src/main.o"
../Core/Src/main.cpp: In function 'int main()':
../Core/Src/main.cpp:150:15: warning: unused variable 'allload' [-Wunused-variable]
  150 |         float allload = 0.0f;
      |               ^~~~~~~
arm-none-eabi-g++ -o "F479_Pinout.elf" @"objects.list"   -mcpu=cortex-m4 -T"C:\Users\INSTED\Desktop\INSTED_WORKSPACE\FF64-MTQ\F479_Pinout\STM32F479VITX_FLASH.ld" -Wl,-Map="F479_Pinout.map" -Wl,--gc-sections -static --specs=nano.specs -mfpu=fpv4-sp-d16 -mfloat-abi=hard -mthumb -u _printf_float -u _scanf_float -Wl,--start-group -lc -lm -lstdc++ -lsupc++ -Wl,--end-group
Finished building target: F479_Pinout.elf
 
arm-none-eabi-size   F479_Pinout.elf 
arm-none-eabi-objdump -h -S  F479_Pinout.elf  > "F479_Pinout.list"
   text	   data	    bss	    dec	    hex	filename
  45728	    496	   2220	  48444	   bd3c	F479_Pinout.elf
Finished building: default.size.stdout
 
Finished building: F479_Pinout.list
 
14:26:09 **** Incremental Build of configuration Debug for project F479_Pinout ****
make -j12 all 
arm-none-eabi-size   F479_Pinout.elf 
   text	   data	    bss	    dec	    hex	filename
  45728	    496	   2220	  48444	   bd3c	F479_Pinout.elf
Finished building: default.size.stdout
 
12:27:33 **** Build of configuration Debug for project F479_Pinout ****
make -j12 all 
arm-none-eabi-g++ "../Core/Src/main.cpp" -mcpu=cortex-m4 -std=gnu++14 -g3 -DDEBUG -DUSE_HAL_DRIVER -DSTM32F479xx -c -I../Core/Inc -I../Drivers/STM32F4xx_HAL_Driver/Inc -I../Drivers/STM32F4xx_HAL_Driver/Inc/Legacy -I../Drivers/CMSIS/Device/ST/STM32F4xx/Include -I../Drivers/CMSIS/Include -O0 -ffunction-sections -fdata-sections -fno-exceptions -fno-rtti -fno-use-cxa-atexit -Wall -fstack-usage -MMD -MP -MF"Core/Src/main.d" -MT"Core/Src/main.o" --specs=nano.specs -mfpu=fpv4-sp-d16 -mfloat-abi=hard -mthumb -o "Core/Src/main.o"
../Core/Src/main.cpp: In function 'int main()':
../Core/Src/main.cpp:150:15: warning: unused variable 'allload' [-Wunused-variable]
  150 |         float allload = 0.0f;
      |               ^~~~~~~
arm-none-eabi-g++ -o "F479_Pinout.elf" @"objects.list"   -mcpu=cortex-m4 -T"C:\Users\INSTED\Desktop\INSTED_WORKSPACE\FF64-MTQ\F479_Pinout\STM32F479VITX_FLASH.ld" -Wl,-Map="F479_Pinout.map" -Wl,--gc-sections -static --specs=nano.specs -mfpu=fpv4-sp-d16 -mfloat-abi=hard -mthumb -u _printf_float -u _scanf_float -Wl,--start-group -lc -lm -lstdc++ -lsupc++ -Wl,--end-group
Finished building target: F479_Pinout.elf
 
arm-none-eabi-size   F479_Pinout.elf 
arm-none-eabi-objdump -h -S  F479_Pinout.elf  > "F479_Pinout.list"
   text	   data	    bss	    dec	    hex	filename
  45728	    496	   2220	  48444	   bd3c	F479_Pinout.elf
Finished building: default.size.stdout
 
Finished building: F479_Pinout.list
 
12:31:07 **** Incremental Build of configuration Debug for project F479_Pinout ****
make -j12 all 
arm-none-eabi-g++ "../Core/Src/main.cpp" -mcpu=cortex-m4 -std=gnu++14 -g3 -DDEBUG -DUSE_HAL_DRIVER -DSTM32F479xx -c -I../Core/Inc -I../Drivers/STM32F4xx_HAL_Driver/Inc -I../Drivers/STM32F4xx_HAL_Driver/Inc/Legacy -I../Drivers/CMSIS/Device/ST/STM32F4xx/Include -I../Drivers/CMSIS/Include -O0 -ffunction-sections -fdata-sections -fno-exceptions -fno-rtti -fno-use-cxa-atexit -Wall -fstack-usage -MMD -MP -MF"Core/Src/main.d" -MT"Core/Src/main.o" --specs=nano.specs -mfpu=fpv4-sp-d16 -mfloat-abi=hard -mthumb -o "Core/Src/main.o"
../Core/Src/main.cpp: In function 'int main()':
../Core/Src/main.cpp:147:23: error: invalid conversion from 'uint8_t*' {aka 'unsigned char*'} to 'const char*' [-fpermissive]
  147 |       Serial3.println(temp);
      |                       ^~~~
      |                       |
      |                       uint8_t* {aka unsigned char*}
In file included from ../Core/Src/main.cpp:23:
../Core/Inc/stm32newfnc/newuart.h:92:29: note:   initializing argument 1 of 'void NEWUART::println(const char*)'
   92 |     void println(const char text[])
      |                  ~~~~~~~~~~~^~~~~~
../Core/Src/main.cpp: At global scope:
../Core/Src/main.cpp:183:1: error: expected declaration before '}' token
  183 | }
      | ^
make: *** [Core/Src/subdir.mk:38: Core/Src/main.o] Error 1
"make -j12 all" terminated with exit code 2. Build might be incomplete.
12:31:38 **** Incremental Build of configuration Debug for project F479_Pinout ****
make -j12 all 
arm-none-eabi-g++ "../Core/Src/main.cpp" -mcpu=cortex-m4 -std=gnu++14 -g3 -DDEBUG -DUSE_HAL_DRIVER -DSTM32F479xx -c -I../Core/Inc -I../Drivers/STM32F4xx_HAL_Driver/Inc -I../Drivers/STM32F4xx_HAL_Driver/Inc/Legacy -I../Drivers/CMSIS/Device/ST/STM32F4xx/Include -I../Drivers/CMSIS/Include -O0 -ffunction-sections -fdata-sections -fno-exceptions -fno-rtti -fno-use-cxa-atexit -Wall -fstack-usage -MMD -MP -MF"Core/Src/main.d" -MT"Core/Src/main.o" --specs=nano.specs -mfpu=fpv4-sp-d16 -mfloat-abi=hard -mthumb -o "Core/Src/main.o"
../Core/Src/main.cpp: In function 'int main()':
../Core/Src/main.cpp:147:25: error: expected primary-expression before 'char'
  147 |       Serial3.println((*char)temp);
      |                         ^~~~
../Core/Src/main.cpp:147:25: error: expected ')' before 'char'
  147 |       Serial3.println((*char)temp);
      |                       ~ ^~~~
      |                         )
../Core/Src/main.cpp: At global scope:
../Core/Src/main.cpp:183:1: error: expected declaration before '}' token
  183 | }
      | ^
make: *** [Core/Src/subdir.mk:38: Core/Src/main.o] Error 1
"make -j12 all" terminated with exit code 2. Build might be incomplete.
12:31:51 **** Incremental Build of configuration Debug for project F479_Pinout ****
make -j12 all 
arm-none-eabi-g++ "../Core/Src/main.cpp" -mcpu=cortex-m4 -std=gnu++14 -g3 -DDEBUG -DUSE_HAL_DRIVER -DSTM32F479xx -c -I../Core/Inc -I../Drivers/STM32F4xx_HAL_Driver/Inc -I../Drivers/STM32F4xx_HAL_Driver/Inc/Legacy -I../Drivers/CMSIS/Device/ST/STM32F4xx/Include -I../Drivers/CMSIS/Include -O0 -ffunction-sections -fdata-sections -fno-exceptions -fno-rtti -fno-use-cxa-atexit -Wall -fstack-usage -MMD -MP -MF"Core/Src/main.d" -MT"Core/Src/main.o" --specs=nano.specs -mfpu=fpv4-sp-d16 -mfloat-abi=hard -mthumb -o "Core/Src/main.o"
../Core/Src/main.cpp:183:1: error: expected declaration before '}' token
  183 | }
      | ^
make: *** [Core/Src/subdir.mk:38: Core/Src/main.o] Error 1
"make -j12 all" terminated with exit code 2. Build might be incomplete.
12:32:03 **** Incremental Build of configuration Debug for project F479_Pinout ****
make -j12 all 
arm-none-eabi-g++ "../Core/Src/main.cpp" -mcpu=cortex-m4 -std=gnu++14 -g3 -DDEBUG -DUSE_HAL_DRIVER -DSTM32F479xx -c -I../Core/Inc -I../Drivers/STM32F4xx_HAL_Driver/Inc -I../Drivers/STM32F4xx_HAL_Driver/Inc/Legacy -I../Drivers/CMSIS/Device/ST/STM32F4xx/Include -I../Drivers/CMSIS/Include -O0 -ffunction-sections -fdata-sections -fno-exceptions -fno-rtti -fno-use-cxa-atexit -Wall -fstack-usage -MMD -MP -MF"Core/Src/main.d" -MT"Core/Src/main.o" --specs=nano.specs -mfpu=fpv4-sp-d16 -mfloat-abi=hard -mthumb -o "Core/Src/main.o"
arm-none-eabi-g++ -o "F479_Pinout.elf" @"objects.list"   -mcpu=cortex-m4 -T"C:\Users\INSTED\Desktop\INSTED_WORKSPACE\FF64-MTQ\F479_Pinout\STM32F479VITX_FLASH.ld" -Wl,-Map="F479_Pinout.map" -Wl,--gc-sections -static --specs=nano.specs -mfpu=fpv4-sp-d16 -mfloat-abi=hard -mthumb -u _printf_float -u _scanf_float -Wl,--start-group -lc -lm -lstdc++ -lsupc++ -Wl,--end-group
Finished building target: F479_Pinout.elf
 
arm-none-eabi-size   F479_Pinout.elf 
arm-none-eabi-objdump -h -S  F479_Pinout.elf  > "F479_Pinout.list"
   text	   data	    bss	    dec	    hex	filename
  43680	    496	   2212	  46388	   b534	F479_Pinout.elf
Finished building: default.size.stdout
 
Finished building: F479_Pinout.list
 
12:33:04 **** Incremental Build of configuration Debug for project F479_Pinout ****
make -j12 all 
arm-none-eabi-g++ "../Core/Src/main.cpp" -mcpu=cortex-m4 -std=gnu++14 -g3 -DDEBUG -DUSE_HAL_DRIVER -DSTM32F479xx -c -I../Core/Inc -I../Drivers/STM32F4xx_HAL_Driver/Inc -I../Drivers/STM32F4xx_HAL_Driver/Inc/Legacy -I../Drivers/CMSIS/Device/ST/STM32F4xx/Include -I../Drivers/CMSIS/Include -O0 -ffunction-sections -fdata-sections -fno-exceptions -fno-rtti -fno-use-cxa-atexit -Wall -fstack-usage -MMD -MP -MF"Core/Src/main.d" -MT"Core/Src/main.o" --specs=nano.specs -mfpu=fpv4-sp-d16 -mfloat-abi=hard -mthumb -o "Core/Src/main.o"
arm-none-eabi-g++ -o "F479_Pinout.elf" @"objects.list"   -mcpu=cortex-m4 -T"C:\Users\INSTED\Desktop\INSTED_WORKSPACE\FF64-MTQ\F479_Pinout\STM32F479VITX_FLASH.ld" -Wl,-Map="F479_Pinout.map" -Wl,--gc-sections -static --specs=nano.specs -mfpu=fpv4-sp-d16 -mfloat-abi=hard -mthumb -u _printf_float -u _scanf_float -Wl,--start-group -lc -lm -lstdc++ -lsupc++ -Wl,--end-group
Finished building target: F479_Pinout.elf
 
arm-none-eabi-size   F479_Pinout.elf 
arm-none-eabi-objdump -h -S  F479_Pinout.elf  > "F479_Pinout.list"
   text	   data	    bss	    dec	    hex	filename
  43680	    496	   2212	  46388	   b534	F479_Pinout.elf
Finished building: default.size.stdout
 
Finished building: F479_Pinout.list
 
12:33:22 **** Incremental Build of configuration Debug for project F479_Pinout ****
make -j12 all 
arm-none-eabi-g++ "../Core/Src/main.cpp" -mcpu=cortex-m4 -std=gnu++14 -g3 -DDEBUG -DUSE_HAL_DRIVER -DSTM32F479xx -c -I../Core/Inc -I../Drivers/STM32F4xx_HAL_Driver/Inc -I../Drivers/STM32F4xx_HAL_Driver/Inc/Legacy -I../Drivers/CMSIS/Device/ST/STM32F4xx/Include -I../Drivers/CMSIS/Include -O0 -ffunction-sections -fdata-sections -fno-exceptions -fno-rtti -fno-use-cxa-atexit -Wall -fstack-usage -MMD -MP -MF"Core/Src/main.d" -MT"Core/Src/main.o" --specs=nano.specs -mfpu=fpv4-sp-d16 -mfloat-abi=hard -mthumb -o "Core/Src/main.o"
arm-none-eabi-g++ -o "F479_Pinout.elf" @"objects.list"   -mcpu=cortex-m4 -T"C:\Users\INSTED\Desktop\INSTED_WORKSPACE\FF64-MTQ\F479_Pinout\STM32F479VITX_FLASH.ld" -Wl,-Map="F479_Pinout.map" -Wl,--gc-sections -static --specs=nano.specs -mfpu=fpv4-sp-d16 -mfloat-abi=hard -mthumb -u _printf_float -u _scanf_float -Wl,--start-group -lc -lm -lstdc++ -lsupc++ -Wl,--end-group
Finished building target: F479_Pinout.elf
 
arm-none-eabi-size   F479_Pinout.elf 
arm-none-eabi-objdump -h -S  F479_Pinout.elf  > "F479_Pinout.list"
   text	   data	    bss	    dec	    hex	filename
  43680	    496	   2212	  46388	   b534	F479_Pinout.elf
Finished building: default.size.stdout
 
Finished building: F479_Pinout.list
 
12:35:07 **** Incremental Build of configuration Debug for project F479_Pinout ****
make -j12 all 
arm-none-eabi-g++ "../Core/Src/main.cpp" -mcpu=cortex-m4 -std=gnu++14 -g3 -DDEBUG -DUSE_HAL_DRIVER -DSTM32F479xx -c -I../Core/Inc -I../Drivers/STM32F4xx_HAL_Driver/Inc -I../Drivers/STM32F4xx_HAL_Driver/Inc/Legacy -I../Drivers/CMSIS/Device/ST/STM32F4xx/Include -I../Drivers/CMSIS/Include -O0 -ffunction-sections -fdata-sections -fno-exceptions -fno-rtti -fno-use-cxa-atexit -Wall -fstack-usage -MMD -MP -MF"Core/Src/main.d" -MT"Core/Src/main.o" --specs=nano.specs -mfpu=fpv4-sp-d16 -mfloat-abi=hard -mthumb -o "Core/Src/main.o"
arm-none-eabi-g++ -o "F479_Pinout.elf" @"objects.list"   -mcpu=cortex-m4 -T"C:\Users\INSTED\Desktop\INSTED_WORKSPACE\FF64-MTQ\F479_Pinout\STM32F479VITX_FLASH.ld" -Wl,-Map="F479_Pinout.map" -Wl,--gc-sections -static --specs=nano.specs -mfpu=fpv4-sp-d16 -mfloat-abi=hard -mthumb -u _printf_float -u _scanf_float -Wl,--start-group -lc -lm -lstdc++ -lsupc++ -Wl,--end-group
Finished building target: F479_Pinout.elf
 
arm-none-eabi-size   F479_Pinout.elf 
arm-none-eabi-objdump -h -S  F479_Pinout.elf  > "F479_Pinout.list"
   text	   data	    bss	    dec	    hex	filename
  43672	    496	   2212	  46380	   b52c	F479_Pinout.elf
Finished building: default.size.stdout
 
Finished building: F479_Pinout.list
 
12:40:45 **** Incremental Build of configuration Debug for project F479_Pinout ****
make -j12 all 
arm-none-eabi-g++ "../Core/Src/main.cpp" -mcpu=cortex-m4 -std=gnu++14 -g3 -DDEBUG -DUSE_HAL_DRIVER -DSTM32F479xx -c -I../Core/Inc -I../Drivers/STM32F4xx_HAL_Driver/Inc -I../Drivers/STM32F4xx_HAL_Driver/Inc/Legacy -I../Drivers/CMSIS/Device/ST/STM32F4xx/Include -I../Drivers/CMSIS/Include -O0 -ffunction-sections -fdata-sections -fno-exceptions -fno-rtti -fno-use-cxa-atexit -Wall -fstack-usage -MMD -MP -MF"Core/Src/main.d" -MT"Core/Src/main.o" --specs=nano.specs -mfpu=fpv4-sp-d16 -mfloat-abi=hard -mthumb -o "Core/Src/main.o"
arm-none-eabi-g++ -o "F479_Pinout.elf" @"objects.list"   -mcpu=cortex-m4 -T"C:\Users\INSTED\Desktop\INSTED_WORKSPACE\FF64-MTQ\F479_Pinout\STM32F479VITX_FLASH.ld" -Wl,-Map="F479_Pinout.map" -Wl,--gc-sections -static --specs=nano.specs -mfpu=fpv4-sp-d16 -mfloat-abi=hard -mthumb -u _printf_float -u _scanf_float -Wl,--start-group -lc -lm -lstdc++ -lsupc++ -Wl,--end-group
Finished building target: F479_Pinout.elf
 
arm-none-eabi-size   F479_Pinout.elf 
arm-none-eabi-objdump -h -S  F479_Pinout.elf  > "F479_Pinout.list"
   text	   data	    bss	    dec	    hex	filename
  43680	    496	   2212	  46388	   b534	F479_Pinout.elf
Finished building: default.size.stdout
 
Finished building: F479_Pinout.list
 
12:42:19 **** Incremental Build of configuration Debug for project F479_Pinout ****
make -j12 all 
arm-none-eabi-g++ "../Core/Src/main.cpp" -mcpu=cortex-m4 -std=gnu++14 -g3 -DDEBUG -DUSE_HAL_DRIVER -DSTM32F479xx -c -I../Core/Inc -I../Drivers/STM32F4xx_HAL_Driver/Inc -I../Drivers/STM32F4xx_HAL_Driver/Inc/Legacy -I../Drivers/CMSIS/Device/ST/STM32F4xx/Include -I../Drivers/CMSIS/Include -O0 -ffunction-sections -fdata-sections -fno-exceptions -fno-rtti -fno-use-cxa-atexit -Wall -fstack-usage -MMD -MP -MF"Core/Src/main.d" -MT"Core/Src/main.o" --specs=nano.specs -mfpu=fpv4-sp-d16 -mfloat-abi=hard -mthumb -o "Core/Src/main.o"
../Core/Src/main.cpp: In function 'int main()':
../Core/Src/main.cpp:149:59: error: invalid conversion from 'char*' to 'const uint8_t*' {aka 'const unsigned char*'} [-fpermissive]
  149 |             HAL_UART_Transmit(Serial3.getHandleTypeDef(), (char*)temp, sizeof(temp), 10);
      |                                                           ^~~~~~~~~~~
      |                                                           |
      |                                                           char*
In file included from ../Core/Inc/stm32f4xx_hal_conf.h:407,
                 from ../Drivers/STM32F4xx_HAL_Driver/Inc/stm32f4xx_hal.h:29,
                 from ../Core/Inc/main.h:30,
                 from ../Core/Src/main.cpp:20:
../Drivers/STM32F4xx_HAL_Driver/Inc/stm32f4xx_hal_uart.h:722:79: note:   initializing argument 2 of 'HAL_StatusTypeDef HAL_UART_Transmit(UART_HandleTypeDef*, const uint8_t*, uint16_t, uint32_t)'
  722 | HAL_StatusTypeDef HAL_UART_Transmit(UART_HandleTypeDef *huart, const uint8_t *pData, uint16_t Size, uint32_t Timeout);
      |                                                                ~~~~~~~~~~~~~~~^~~~~
make: *** [Core/Src/subdir.mk:38: Core/Src/main.o] Error 1
"make -j12 all" terminated with exit code 2. Build might be incomplete.
12:42:48 **** Incremental Build of configuration Debug for project F479_Pinout ****
make -j12 all 
arm-none-eabi-g++ "../Core/Src/main.cpp" -mcpu=cortex-m4 -std=gnu++14 -g3 -DDEBUG -DUSE_HAL_DRIVER -DSTM32F479xx -c -I../Core/Inc -I../Drivers/STM32F4xx_HAL_Driver/Inc -I../Drivers/STM32F4xx_HAL_Driver/Inc/Legacy -I../Drivers/CMSIS/Device/ST/STM32F4xx/Include -I../Drivers/CMSIS/Include -O0 -ffunction-sections -fdata-sections -fno-exceptions -fno-rtti -fno-use-cxa-atexit -Wall -fstack-usage -MMD -MP -MF"Core/Src/main.d" -MT"Core/Src/main.o" --specs=nano.specs -mfpu=fpv4-sp-d16 -mfloat-abi=hard -mthumb -o "Core/Src/main.o"
arm-none-eabi-g++ -o "F479_Pinout.elf" @"objects.list"   -mcpu=cortex-m4 -T"C:\Users\INSTED\Desktop\INSTED_WORKSPACE\FF64-MTQ\F479_Pinout\STM32F479VITX_FLASH.ld" -Wl,-Map="F479_Pinout.map" -Wl,--gc-sections -static --specs=nano.specs -mfpu=fpv4-sp-d16 -mfloat-abi=hard -mthumb -u _printf_float -u _scanf_float -Wl,--start-group -lc -lm -lstdc++ -lsupc++ -Wl,--end-group
Finished building target: F479_Pinout.elf
 
arm-none-eabi-size   F479_Pinout.elf 
arm-none-eabi-objdump -h -S  F479_Pinout.elf  > "F479_Pinout.list"
   text	   data	    bss	    dec	    hex	filename
  43688	    496	   2212	  46396	   b53c	F479_Pinout.elf
Finished building: default.size.stdout
 
Finished building: F479_Pinout.list
 
12:43:38 **** Incremental Build of configuration Debug for project F479_Pinout ****
make -j12 all 
arm-none-eabi-g++ "../Core/Src/main.cpp" -mcpu=cortex-m4 -std=gnu++14 -g3 -DDEBUG -DUSE_HAL_DRIVER -DSTM32F479xx -c -I../Core/Inc -I../Drivers/STM32F4xx_HAL_Driver/Inc -I../Drivers/STM32F4xx_HAL_Driver/Inc/Legacy -I../Drivers/CMSIS/Device/ST/STM32F4xx/Include -I../Drivers/CMSIS/Include -O0 -ffunction-sections -fdata-sections -fno-exceptions -fno-rtti -fno-use-cxa-atexit -Wall -fstack-usage -MMD -MP -MF"Core/Src/main.d" -MT"Core/Src/main.o" --specs=nano.specs -mfpu=fpv4-sp-d16 -mfloat-abi=hard -mthumb -o "Core/Src/main.o"
arm-none-eabi-g++ -o "F479_Pinout.elf" @"objects.list"   -mcpu=cortex-m4 -T"C:\Users\INSTED\Desktop\INSTED_WORKSPACE\FF64-MTQ\F479_Pinout\STM32F479VITX_FLASH.ld" -Wl,-Map="F479_Pinout.map" -Wl,--gc-sections -static --specs=nano.specs -mfpu=fpv4-sp-d16 -mfloat-abi=hard -mthumb -u _printf_float -u _scanf_float -Wl,--start-group -lc -lm -lstdc++ -lsupc++ -Wl,--end-group
Finished building target: F479_Pinout.elf
 
arm-none-eabi-size   F479_Pinout.elf 
arm-none-eabi-objdump -h -S  F479_Pinout.elf  > "F479_Pinout.list"
   text	   data	    bss	    dec	    hex	filename
  43688	    496	   2212	  46396	   b53c	F479_Pinout.elf
Finished building: default.size.stdout
 
Finished building: F479_Pinout.list
 
12:47:08 **** Incremental Build of configuration Debug for project F479_Pinout ****
make -j12 all 
arm-none-eabi-g++ "../Core/Src/main.cpp" -mcpu=cortex-m4 -std=gnu++14 -g3 -DDEBUG -DUSE_HAL_DRIVER -DSTM32F479xx -c -I../Core/Inc -I../Drivers/STM32F4xx_HAL_Driver/Inc -I../Drivers/STM32F4xx_HAL_Driver/Inc/Legacy -I../Drivers/CMSIS/Device/ST/STM32F4xx/Include -I../Drivers/CMSIS/Include -O0 -ffunction-sections -fdata-sections -fno-exceptions -fno-rtti -fno-use-cxa-atexit -Wall -fstack-usage -MMD -MP -MF"Core/Src/main.d" -MT"Core/Src/main.o" --specs=nano.specs -mfpu=fpv4-sp-d16 -mfloat-abi=hard -mthumb -o "Core/Src/main.o"
../Core/Src/main.cpp: In function 'int main()':
../Core/Src/main.cpp:150:24: error: invalid conversion from 'uint8_t*' {aka 'unsigned char*'} to 'const char*' [-fpermissive]
  150 |           int t = atoi(&temp[1]);
      |                        ^~~~~~~~
      |                        |
      |                        uint8_t* {aka unsigned char*}
In file included from c:\st\stm32cubeide_1.10.1\stm32cubeide\plugins\com.st.stm32cube.ide.mcu.externaltools.gnu-tools-for-stm32.10.3-2021.10.win32_1.0.0.202111181127\tools\arm-none-eabi\include\c++\10.3.1\cstdlib:75,
                 from c:\st\stm32cubeide_1.10.1\stm32cubeide\plugins\com.st.stm32cube.ide.mcu.externaltools.gnu-tools-for-stm32.10.3-2021.10.win32_1.0.0.202111181127\tools\arm-none-eabi\include\c++\10.3.1\stdlib.h:36,
                 from ../Core/Src/main.cpp:22:
c:\st\stm32cubeide_1.10.1\stm32cubeide\plugins\com.st.stm32cube.ide.mcu.externaltools.gnu-tools-for-stm32.10.3-2021.10.win32_1.0.0.202111181127\tools\arm-none-eabi\include\stdlib.h:81:23: note:   initializing argument 1 of 'int atoi(const char*)'
   81 | int atoi (const char *__nptr);
      |           ~~~~~~~~~~~~^~~~~~
../Core/Src/main.cpp:152:25: error: no matching function for call to 'NEWUART::println()'
  152 |         Serial3.println();
      |                         ^
In file included from ../Core/Src/main.cpp:24:
../Core/Inc/stm32newfnc/newuart.h:92:10: note: candidate: 'void NEWUART::println(const char*)'
   92 |     void println(const char text[])
      |          ^~~~~~~
../Core/Inc/stm32newfnc/newuart.h:92:10: note:   candidate expects 1 argument, 0 provided
make: *** [Core/Src/subdir.mk:38: Core/Src/main.o] Error 1
"make -j12 all" terminated with exit code 2. Build might be incomplete.
12:47:46 **** Incremental Build of configuration Debug for project F479_Pinout ****
make -j12 all 
arm-none-eabi-g++ "../Core/Src/main.cpp" -mcpu=cortex-m4 -std=gnu++14 -g3 -DDEBUG -DUSE_HAL_DRIVER -DSTM32F479xx -c -I../Core/Inc -I../Drivers/STM32F4xx_HAL_Driver/Inc -I../Drivers/STM32F4xx_HAL_Driver/Inc/Legacy -I../Drivers/CMSIS/Device/ST/STM32F4xx/Include -I../Drivers/CMSIS/Include -O0 -ffunction-sections -fdata-sections -fno-exceptions -fno-rtti -fno-use-cxa-atexit -Wall -fstack-usage -MMD -MP -MF"Core/Src/main.d" -MT"Core/Src/main.o" --specs=nano.specs -mfpu=fpv4-sp-d16 -mfloat-abi=hard -mthumb -o "Core/Src/main.o"
../Core/Src/main.cpp: In function 'int main()':
../Core/Src/main.cpp:150:25: warning: cast to pointer from integer of different size [-Wint-to-pointer-cast]
  150 |           int t = atoi(&(char*)temp[1]);
      |                         ^~~~~~~~~~~~~~
../Core/Src/main.cpp:150:25: error: lvalue required as unary '&' operand
make: *** [Core/Src/subdir.mk:38: Core/Src/main.o] Error 1
"make -j12 all" terminated with exit code 2. Build might be incomplete.
12:49:14 **** Incremental Build of configuration Debug for project F479_Pinout ****
make -j12 all 
arm-none-eabi-g++ "../Core/Src/main.cpp" -mcpu=cortex-m4 -std=gnu++14 -g3 -DDEBUG -DUSE_HAL_DRIVER -DSTM32F479xx -c -I../Core/Inc -I../Drivers/STM32F4xx_HAL_Driver/Inc -I../Drivers/STM32F4xx_HAL_Driver/Inc/Legacy -I../Drivers/CMSIS/Device/ST/STM32F4xx/Include -I../Drivers/CMSIS/Include -O0 -ffunction-sections -fdata-sections -fno-exceptions -fno-rtti -fno-use-cxa-atexit -Wall -fstack-usage -MMD -MP -MF"Core/Src/main.d" -MT"Core/Src/main.o" --specs=nano.specs -mfpu=fpv4-sp-d16 -mfloat-abi=hard -mthumb -o "Core/Src/main.o"
../Core/Src/main.cpp: In function 'int main()':
../Core/Src/main.cpp:150:24: warning: cast to pointer from integer of different size [-Wint-to-pointer-cast]
  150 |           int t = atoi((char*)temp[1]);
      |                        ^~~~~~~~~~~~~~
arm-none-eabi-g++ -o "F479_Pinout.elf" @"objects.list"   -mcpu=cortex-m4 -T"C:\Users\INSTED\Desktop\INSTED_WORKSPACE\FF64-MTQ\F479_Pinout\STM32F479VITX_FLASH.ld" -Wl,-Map="F479_Pinout.map" -Wl,--gc-sections -static --specs=nano.specs -mfpu=fpv4-sp-d16 -mfloat-abi=hard -mthumb -u _printf_float -u _scanf_float -Wl,--start-group -lc -lm -lstdc++ -lsupc++ -Wl,--end-group
Finished building target: F479_Pinout.elf
 
arm-none-eabi-size   F479_Pinout.elf 
arm-none-eabi-objdump -h -S  F479_Pinout.elf  > "F479_Pinout.list"
   text	   data	    bss	    dec	    hex	filename
  43816	    496	   2212	  46524	   b5bc	F479_Pinout.elf
Finished building: default.size.stdout
 
Finished building: F479_Pinout.list
 
12:49:56 **** Incremental Build of configuration Debug for project F479_Pinout ****
make -j12 all 
arm-none-eabi-g++ "../Core/Src/main.cpp" -mcpu=cortex-m4 -std=gnu++14 -g3 -DDEBUG -DUSE_HAL_DRIVER -DSTM32F479xx -c -I../Core/Inc -I../Drivers/STM32F4xx_HAL_Driver/Inc -I../Drivers/STM32F4xx_HAL_Driver/Inc/Legacy -I../Drivers/CMSIS/Device/ST/STM32F4xx/Include -I../Drivers/CMSIS/Include -O0 -ffunction-sections -fdata-sections -fno-exceptions -fno-rtti -fno-use-cxa-atexit -Wall -fstack-usage -MMD -MP -MF"Core/Src/main.d" -MT"Core/Src/main.o" --specs=nano.specs -mfpu=fpv4-sp-d16 -mfloat-abi=hard -mthumb -o "Core/Src/main.o"
../Core/Src/main.cpp: In function 'int main()':
../Core/Src/main.cpp:150:25: error: lvalue required as unary '&' operand
  150 |           int t = atoi(&(char)temp[1]);
      |                         ^~~~~~~~~~~~~
make: *** [Core/Src/subdir.mk:38: Core/Src/main.o] Error 1
"make -j12 all" terminated with exit code 2. Build might be incomplete.
12:50:37 **** Incremental Build of configuration Debug for project F479_Pinout ****
make -j12 all 
arm-none-eabi-g++ "../Core/Src/main.cpp" -mcpu=cortex-m4 -std=gnu++14 -g3 -DDEBUG -DUSE_HAL_DRIVER -DSTM32F479xx -c -I../Core/Inc -I../Drivers/STM32F4xx_HAL_Driver/Inc -I../Drivers/STM32F4xx_HAL_Driver/Inc/Legacy -I../Drivers/CMSIS/Device/ST/STM32F4xx/Include -I../Drivers/CMSIS/Include -O0 -ffunction-sections -fdata-sections -fno-exceptions -fno-rtti -fno-use-cxa-atexit -Wall -fstack-usage -MMD -MP -MF"Core/Src/main.d" -MT"Core/Src/main.o" --specs=nano.specs -mfpu=fpv4-sp-d16 -mfloat-abi=hard -mthumb -o "Core/Src/main.o"
../Core/Src/main.cpp: In function 'int main()':
../Core/Src/main.cpp:150:22: error: invalid conversion from 'uint8_t*' {aka 'unsigned char*'} to 'char*' [-fpermissive]
  150 |           char *tp = &temp[1];
      |                      ^~~~~~~~
      |                      |
      |                      uint8_t* {aka unsigned char*}
make: *** [Core/Src/subdir.mk:38: Core/Src/main.o] Error 1
"make -j12 all" terminated with exit code 2. Build might be incomplete.
12:51:09 **** Incremental Build of configuration Debug for project F479_Pinout ****
make -j12 all 
arm-none-eabi-g++ "../Core/Src/main.cpp" -mcpu=cortex-m4 -std=gnu++14 -g3 -DDEBUG -DUSE_HAL_DRIVER -DSTM32F479xx -c -I../Core/Inc -I../Drivers/STM32F4xx_HAL_Driver/Inc -I../Drivers/STM32F4xx_HAL_Driver/Inc/Legacy -I../Drivers/CMSIS/Device/ST/STM32F4xx/Include -I../Drivers/CMSIS/Include -O0 -ffunction-sections -fdata-sections -fno-exceptions -fno-rtti -fno-use-cxa-atexit -Wall -fstack-usage -MMD -MP -MF"Core/Src/main.d" -MT"Core/Src/main.o" --specs=nano.specs -mfpu=fpv4-sp-d16 -mfloat-abi=hard -mthumb -o "Core/Src/main.o"
../Core/Src/main.cpp: In function 'int main()':
../Core/Src/main.cpp:150:23: error: lvalue required as unary '&' operand
  150 |           char *tp = &(char)temp[1];
      |                       ^~~~~~~~~~~~~
make: *** [Core/Src/subdir.mk:38: Core/Src/main.o] Error 1
"make -j12 all" terminated with exit code 2. Build might be incomplete.
12:51:18 **** Incremental Build of configuration Debug for project F479_Pinout ****
make -j12 all 
arm-none-eabi-g++ "../Core/Src/main.cpp" -mcpu=cortex-m4 -std=gnu++14 -g3 -DDEBUG -DUSE_HAL_DRIVER -DSTM32F479xx -c -I../Core/Inc -I../Drivers/STM32F4xx_HAL_Driver/Inc -I../Drivers/STM32F4xx_HAL_Driver/Inc/Legacy -I../Drivers/CMSIS/Device/ST/STM32F4xx/Include -I../Drivers/CMSIS/Include -O0 -ffunction-sections -fdata-sections -fno-exceptions -fno-rtti -fno-use-cxa-atexit -Wall -fstack-usage -MMD -MP -MF"Core/Src/main.d" -MT"Core/Src/main.o" --specs=nano.specs -mfpu=fpv4-sp-d16 -mfloat-abi=hard -mthumb -o "Core/Src/main.o"
../Core/Src/main.cpp: In function 'int main()':
../Core/Src/main.cpp:150:22: error: invalid conversion from 'char' to 'char*' [-fpermissive]
  150 |           char *tp = (char)temp[1];
      |                      ^~~~~~~~~~~~~
      |                      |
      |                      char
make: *** [Core/Src/subdir.mk:38: Core/Src/main.o] Error 1
"make -j12 all" terminated with exit code 2. Build might be incomplete.
12:51:24 **** Incremental Build of configuration Debug for project F479_Pinout ****
make -j12 all 
arm-none-eabi-g++ "../Core/Src/main.cpp" -mcpu=cortex-m4 -std=gnu++14 -g3 -DDEBUG -DUSE_HAL_DRIVER -DSTM32F479xx -c -I../Core/Inc -I../Drivers/STM32F4xx_HAL_Driver/Inc -I../Drivers/STM32F4xx_HAL_Driver/Inc/Legacy -I../Drivers/CMSIS/Device/ST/STM32F4xx/Include -I../Drivers/CMSIS/Include -O0 -ffunction-sections -fdata-sections -fno-exceptions -fno-rtti -fno-use-cxa-atexit -Wall -fstack-usage -MMD -MP -MF"Core/Src/main.d" -MT"Core/Src/main.o" --specs=nano.specs -mfpu=fpv4-sp-d16 -mfloat-abi=hard -mthumb -o "Core/Src/main.o"
../Core/Src/main.cpp: In function 'int main()':
../Core/Src/main.cpp:150:22: warning: cast to pointer from integer of different size [-Wint-to-pointer-cast]
  150 |           char *tp = (char*)temp[1];
      |                      ^~~~~~~~~~~~~~
arm-none-eabi-g++ -o "F479_Pinout.elf" @"objects.list"   -mcpu=cortex-m4 -T"C:\Users\INSTED\Desktop\INSTED_WORKSPACE\FF64-MTQ\F479_Pinout\STM32F479VITX_FLASH.ld" -Wl,-Map="F479_Pinout.map" -Wl,--gc-sections -static --specs=nano.specs -mfpu=fpv4-sp-d16 -mfloat-abi=hard -mthumb -u _printf_float -u _scanf_float -Wl,--start-group -lc -lm -lstdc++ -lsupc++ -Wl,--end-group
Finished building target: F479_Pinout.elf
 
arm-none-eabi-size   F479_Pinout.elf 
arm-none-eabi-objdump -h -S  F479_Pinout.elf  > "F479_Pinout.list"
   text	   data	    bss	    dec	    hex	filename
  43816	    496	   2212	  46524	   b5bc	F479_Pinout.elf
Finished building: default.size.stdout
 
Finished building: F479_Pinout.list
 
12:53:13 **** Incremental Build of configuration Debug for project F479_Pinout ****
make -j12 all 
arm-none-eabi-g++ "../Core/Src/main.cpp" -mcpu=cortex-m4 -std=gnu++14 -g3 -DDEBUG -DUSE_HAL_DRIVER -DSTM32F479xx -c -I../Core/Inc -I../Drivers/STM32F4xx_HAL_Driver/Inc -I../Drivers/STM32F4xx_HAL_Driver/Inc/Legacy -I../Drivers/CMSIS/Device/ST/STM32F4xx/Include -I../Drivers/CMSIS/Include -O0 -ffunction-sections -fdata-sections -fno-exceptions -fno-rtti -fno-use-cxa-atexit -Wall -fstack-usage -MMD -MP -MF"Core/Src/main.d" -MT"Core/Src/main.o" --specs=nano.specs -mfpu=fpv4-sp-d16 -mfloat-abi=hard -mthumb -o "Core/Src/main.o"
arm-none-eabi-g++ -o "F479_Pinout.elf" @"objects.list"   -mcpu=cortex-m4 -T"C:\Users\INSTED\Desktop\INSTED_WORKSPACE\FF64-MTQ\F479_Pinout\STM32F479VITX_FLASH.ld" -Wl,-Map="F479_Pinout.map" -Wl,--gc-sections -static --specs=nano.specs -mfpu=fpv4-sp-d16 -mfloat-abi=hard -mthumb -u _printf_float -u _scanf_float -Wl,--start-group -lc -lm -lstdc++ -lsupc++ -Wl,--end-group
Finished building target: F479_Pinout.elf
 
arm-none-eabi-size   F479_Pinout.elf 
arm-none-eabi-objdump -h -S  F479_Pinout.elf  > "F479_Pinout.list"
   text	   data	    bss	    dec	    hex	filename
  43816	    496	   2212	  46524	   b5bc	F479_Pinout.elf
Finished building: default.size.stdout
 
Finished building: F479_Pinout.list
 
12:56:28 **** Incremental Build of configuration Debug for project F479_Pinout ****
make -j12 all 
arm-none-eabi-g++ "../Core/Src/main.cpp" -mcpu=cortex-m4 -std=gnu++14 -g3 -DDEBUG -DUSE_HAL_DRIVER -DSTM32F479xx -c -I../Core/Inc -I../Drivers/STM32F4xx_HAL_Driver/Inc -I../Drivers/STM32F4xx_HAL_Driver/Inc/Legacy -I../Drivers/CMSIS/Device/ST/STM32F4xx/Include -I../Drivers/CMSIS/Include -O0 -ffunction-sections -fdata-sections -fno-exceptions -fno-rtti -fno-use-cxa-atexit -Wall -fstack-usage -MMD -MP -MF"Core/Src/main.d" -MT"Core/Src/main.o" --specs=nano.specs -mfpu=fpv4-sp-d16 -mfloat-abi=hard -mthumb -o "Core/Src/main.o"
arm-none-eabi-g++ -o "F479_Pinout.elf" @"objects.list"   -mcpu=cortex-m4 -T"C:\Users\INSTED\Desktop\INSTED_WORKSPACE\FF64-MTQ\F479_Pinout\STM32F479VITX_FLASH.ld" -Wl,-Map="F479_Pinout.map" -Wl,--gc-sections -static --specs=nano.specs -mfpu=fpv4-sp-d16 -mfloat-abi=hard -mthumb -u _printf_float -u _scanf_float -Wl,--start-group -lc -lm -lstdc++ -lsupc++ -Wl,--end-group
Finished building target: F479_Pinout.elf
 
arm-none-eabi-size   F479_Pinout.elf 
arm-none-eabi-objdump -h -S  F479_Pinout.elf  > "F479_Pinout.list"
   text	   data	    bss	    dec	    hex	filename
  43824	    496	   2212	  46532	   b5c4	F479_Pinout.elf
Finished building: default.size.stdout
 
Finished building: F479_Pinout.list
 
12:57:17 **** Incremental Build of configuration Debug for project F479_Pinout ****
make -j12 all 
arm-none-eabi-g++ "../Core/Src/main.cpp" -mcpu=cortex-m4 -std=gnu++14 -g3 -DDEBUG -DUSE_HAL_DRIVER -DSTM32F479xx -c -I../Core/Inc -I../Drivers/STM32F4xx_HAL_Driver/Inc -I../Drivers/STM32F4xx_HAL_Driver/Inc/Legacy -I../Drivers/CMSIS/Device/ST/STM32F4xx/Include -I../Drivers/CMSIS/Include -O0 -ffunction-sections -fdata-sections -fno-exceptions -fno-rtti -fno-use-cxa-atexit -Wall -fstack-usage -MMD -MP -MF"Core/Src/main.d" -MT"Core/Src/main.o" --specs=nano.specs -mfpu=fpv4-sp-d16 -mfloat-abi=hard -mthumb -o "Core/Src/main.o"
arm-none-eabi-g++ -o "F479_Pinout.elf" @"objects.list"   -mcpu=cortex-m4 -T"C:\Users\INSTED\Desktop\INSTED_WORKSPACE\FF64-MTQ\F479_Pinout\STM32F479VITX_FLASH.ld" -Wl,-Map="F479_Pinout.map" -Wl,--gc-sections -static --specs=nano.specs -mfpu=fpv4-sp-d16 -mfloat-abi=hard -mthumb -u _printf_float -u _scanf_float -Wl,--start-group -lc -lm -lstdc++ -lsupc++ -Wl,--end-group
Finished building target: F479_Pinout.elf
 
arm-none-eabi-size   F479_Pinout.elf 
arm-none-eabi-objdump -h -S  F479_Pinout.elf  > "F479_Pinout.list"
   text	   data	    bss	    dec	    hex	filename
  43816	    496	   2212	  46524	   b5bc	F479_Pinout.elf
Finished building: default.size.stdout
 
Finished building: F479_Pinout.list
 
12:58:23 **** Incremental Build of configuration Debug for project F479_Pinout ****
make -j12 all 
arm-none-eabi-g++ "../Core/Src/main.cpp" -mcpu=cortex-m4 -std=gnu++14 -g3 -DDEBUG -DUSE_HAL_DRIVER -DSTM32F479xx -c -I../Core/Inc -I../Drivers/STM32F4xx_HAL_Driver/Inc -I../Drivers/STM32F4xx_HAL_Driver/Inc/Legacy -I../Drivers/CMSIS/Device/ST/STM32F4xx/Include -I../Drivers/CMSIS/Include -O0 -ffunction-sections -fdata-sections -fno-exceptions -fno-rtti -fno-use-cxa-atexit -Wall -fstack-usage -MMD -MP -MF"Core/Src/main.d" -MT"Core/Src/main.o" --specs=nano.specs -mfpu=fpv4-sp-d16 -mfloat-abi=hard -mthumb -o "Core/Src/main.o"
../Core/Src/main.cpp: In function 'int main()':
../Core/Src/main.cpp:153:25: warning: cast to pointer from integer of different size [-Wint-to-pointer-cast]
  153 |         Serial3.println((char*)temp[4]);
      |                         ^~~~~~~~~~~~~~
arm-none-eabi-g++ -o "F479_Pinout.elf" @"objects.list"   -mcpu=cortex-m4 -T"C:\Users\INSTED\Desktop\INSTED_WORKSPACE\FF64-MTQ\F479_Pinout\STM32F479VITX_FLASH.ld" -Wl,-Map="F479_Pinout.map" -Wl,--gc-sections -static --specs=nano.specs -mfpu=fpv4-sp-d16 -mfloat-abi=hard -mthumb -u _printf_float -u _scanf_float -Wl,--start-group -lc -lm -lstdc++ -lsupc++ -Wl,--end-group
Finished building target: F479_Pinout.elf
 
arm-none-eabi-size   F479_Pinout.elf 
arm-none-eabi-objdump -h -S  F479_Pinout.elf  > "F479_Pinout.list"
   text	   data	    bss	    dec	    hex	filename
  43816	    496	   2212	  46524	   b5bc	F479_Pinout.elf
Finished building: default.size.stdout
 
Finished building: F479_Pinout.list
 
12:58:40 **** Incremental Build of configuration Debug for project F479_Pinout ****
make -j12 all 
arm-none-eabi-g++ "../Core/Src/main.cpp" -mcpu=cortex-m4 -std=gnu++14 -g3 -DDEBUG -DUSE_HAL_DRIVER -DSTM32F479xx -c -I../Core/Inc -I../Drivers/STM32F4xx_HAL_Driver/Inc -I../Drivers/STM32F4xx_HAL_Driver/Inc/Legacy -I../Drivers/CMSIS/Device/ST/STM32F4xx/Include -I../Drivers/CMSIS/Include -O0 -ffunction-sections -fdata-sections -fno-exceptions -fno-rtti -fno-use-cxa-atexit -Wall -fstack-usage -MMD -MP -MF"Core/Src/main.d" -MT"Core/Src/main.o" --specs=nano.specs -mfpu=fpv4-sp-d16 -mfloat-abi=hard -mthumb -o "Core/Src/main.o"
../Core/Src/main.cpp: In function 'int main()':
../Core/Src/main.cpp:153:31: error: invalid conversion from 'char' to 'const char*' [-fpermissive]
  153 |         Serial3.println(temp[4]);
      |                         ~~~~~~^
      |                               |
      |                               char
In file included from ../Core/Src/main.cpp:24:
../Core/Inc/stm32newfnc/newuart.h:92:29: note:   initializing argument 1 of 'void NEWUART::println(const char*)'
   92 |     void println(const char text[])
      |                  ~~~~~~~~~~~^~~~~~
make: *** [Core/Src/subdir.mk:38: Core/Src/main.o] Error 1
"make -j12 all" terminated with exit code 2. Build might be incomplete.
12:58:49 **** Incremental Build of configuration Debug for project F479_Pinout ****
make -j12 all 
arm-none-eabi-g++ "../Core/Src/main.cpp" -mcpu=cortex-m4 -std=gnu++14 -g3 -DDEBUG -DUSE_HAL_DRIVER -DSTM32F479xx -c -I../Core/Inc -I../Drivers/STM32F4xx_HAL_Driver/Inc -I../Drivers/STM32F4xx_HAL_Driver/Inc/Legacy -I../Drivers/CMSIS/Device/ST/STM32F4xx/Include -I../Drivers/CMSIS/Include -O0 -ffunction-sections -fdata-sections -fno-exceptions -fno-rtti -fno-use-cxa-atexit -Wall -fstack-usage -MMD -MP -MF"Core/Src/main.d" -MT"Core/Src/main.o" --specs=nano.specs -mfpu=fpv4-sp-d16 -mfloat-abi=hard -mthumb -o "Core/Src/main.o"
arm-none-eabi-g++ -o "F479_Pinout.elf" @"objects.list"   -mcpu=cortex-m4 -T"C:\Users\INSTED\Desktop\INSTED_WORKSPACE\FF64-MTQ\F479_Pinout\STM32F479VITX_FLASH.ld" -Wl,-Map="F479_Pinout.map" -Wl,--gc-sections -static --specs=nano.specs -mfpu=fpv4-sp-d16 -mfloat-abi=hard -mthumb -u _printf_float -u _scanf_float -Wl,--start-group -lc -lm -lstdc++ -lsupc++ -Wl,--end-group
Finished building target: F479_Pinout.elf
 
arm-none-eabi-size   F479_Pinout.elf 
arm-none-eabi-objdump -h -S  F479_Pinout.elf  > "F479_Pinout.list"
   text	   data	    bss	    dec	    hex	filename
  43816	    496	   2212	  46524	   b5bc	F479_Pinout.elf
Finished building: default.size.stdout
 
Finished building: F479_Pinout.list
 
13:03:48 **** Incremental Build of configuration Debug for project F479_Pinout ****
make -j12 all 
arm-none-eabi-g++ "../Core/Src/main.cpp" -mcpu=cortex-m4 -std=gnu++14 -g3 -DDEBUG -DUSE_HAL_DRIVER -DSTM32F479xx -c -I../Core/Inc -I../Drivers/STM32F4xx_HAL_Driver/Inc -I../Drivers/STM32F4xx_HAL_Driver/Inc/Legacy -I../Drivers/CMSIS/Device/ST/STM32F4xx/Include -I../Drivers/CMSIS/Include -O0 -ffunction-sections -fdata-sections -fno-exceptions -fno-rtti -fno-use-cxa-atexit -Wall -fstack-usage -MMD -MP -MF"Core/Src/main.d" -MT"Core/Src/main.o" --specs=nano.specs -mfpu=fpv4-sp-d16 -mfloat-abi=hard -mthumb -o "Core/Src/main.o"
arm-none-eabi-g++ -o "F479_Pinout.elf" @"objects.list"   -mcpu=cortex-m4 -T"C:\Users\INSTED\Desktop\INSTED_WORKSPACE\FF64-MTQ\F479_Pinout\STM32F479VITX_FLASH.ld" -Wl,-Map="F479_Pinout.map" -Wl,--gc-sections -static --specs=nano.specs -mfpu=fpv4-sp-d16 -mfloat-abi=hard -mthumb -u _printf_float -u _scanf_float -Wl,--start-group -lc -lm -lstdc++ -lsupc++ -Wl,--end-group
Finished building target: F479_Pinout.elf
 
arm-none-eabi-size   F479_Pinout.elf 
arm-none-eabi-objdump -h -S  F479_Pinout.elf  > "F479_Pinout.list"
   text	   data	    bss	    dec	    hex	filename
  46008	    496	   2220	  48724	   be54	F479_Pinout.elf
Finished building: default.size.stdout
 
Finished building: F479_Pinout.list
 
13:06:29 **** Incremental Build of configuration Debug for project F479_Pinout ****
make -j12 all 
arm-none-eabi-g++ "../Core/Src/main.cpp" -mcpu=cortex-m4 -std=gnu++14 -g3 -DDEBUG -DUSE_HAL_DRIVER -DSTM32F479xx -c -I../Core/Inc -I../Drivers/STM32F4xx_HAL_Driver/Inc -I../Drivers/STM32F4xx_HAL_Driver/Inc/Legacy -I../Drivers/CMSIS/Device/ST/STM32F4xx/Include -I../Drivers/CMSIS/Include -O0 -ffunction-sections -fdata-sections -fno-exceptions -fno-rtti -fno-use-cxa-atexit -Wall -fstack-usage -MMD -MP -MF"Core/Src/main.d" -MT"Core/Src/main.o" --specs=nano.specs -mfpu=fpv4-sp-d16 -mfloat-abi=hard -mthumb -o "Core/Src/main.o"
../Core/Src/main.cpp: In function 'int main()':
../Core/Src/main.cpp:175:41: error: 'prev_ms' was not declared in this scope
  175 |     uint16_t elap_ms =  HAL_GetTick() - prev_ms;
      |                                         ^~~~~~~
../Core/Src/main.cpp:176:17: error: 'samp_ms' was not declared in this scope
  176 |     if(elap_ms> samp_ms){
      |                 ^~~~~~~
make: *** [Core/Src/subdir.mk:38: Core/Src/main.o] Error 1
"make -j12 all" terminated with exit code 2. Build might be incomplete.
13:08:41 **** Incremental Build of configuration Debug for project F479_Pinout ****
make -j12 all 
arm-none-eabi-g++ "../Core/Src/main.cpp" -mcpu=cortex-m4 -std=gnu++14 -g3 -DDEBUG -DUSE_HAL_DRIVER -DSTM32F479xx -c -I../Core/Inc -I../Drivers/STM32F4xx_HAL_Driver/Inc -I../Drivers/STM32F4xx_HAL_Driver/Inc/Legacy -I../Drivers/CMSIS/Device/ST/STM32F4xx/Include -I../Drivers/CMSIS/Include -O0 -ffunction-sections -fdata-sections -fno-exceptions -fno-rtti -fno-use-cxa-atexit -Wall -fstack-usage -MMD -MP -MF"Core/Src/main.d" -MT"Core/Src/main.o" --specs=nano.specs -mfpu=fpv4-sp-d16 -mfloat-abi=hard -mthumb -o "Core/Src/main.o"
arm-none-eabi-g++ -o "F479_Pinout.elf" @"objects.list"   -mcpu=cortex-m4 -T"C:\Users\INSTED\Desktop\INSTED_WORKSPACE\FF64-MTQ\F479_Pinout\STM32F479VITX_FLASH.ld" -Wl,-Map="F479_Pinout.map" -Wl,--gc-sections -static --specs=nano.specs -mfpu=fpv4-sp-d16 -mfloat-abi=hard -mthumb -u _printf_float -u _scanf_float -Wl,--start-group -lc -lm -lstdc++ -lsupc++ -Wl,--end-group
Finished building target: F479_Pinout.elf
 
arm-none-eabi-size   F479_Pinout.elf 
arm-none-eabi-objdump -h -S  F479_Pinout.elf  > "F479_Pinout.list"
   text	   data	    bss	    dec	    hex	filename
  46088	    496	   2220	  48804	   bea4	F479_Pinout.elf
Finished building: default.size.stdout
 
Finished building: F479_Pinout.list
 
13:09:21 **** Incremental Build of configuration Debug for project F479_Pinout ****
make -j12 all 
arm-none-eabi-g++ "../Core/Src/main.cpp" -mcpu=cortex-m4 -std=gnu++14 -g3 -DDEBUG -DUSE_HAL_DRIVER -DSTM32F479xx -c -I../Core/Inc -I../Drivers/STM32F4xx_HAL_Driver/Inc -I../Drivers/STM32F4xx_HAL_Driver/Inc/Legacy -I../Drivers/CMSIS/Device/ST/STM32F4xx/Include -I../Drivers/CMSIS/Include -O0 -ffunction-sections -fdata-sections -fno-exceptions -fno-rtti -fno-use-cxa-atexit -Wall -fstack-usage -MMD -MP -MF"Core/Src/main.d" -MT"Core/Src/main.o" --specs=nano.specs -mfpu=fpv4-sp-d16 -mfloat-abi=hard -mthumb -o "Core/Src/main.o"
arm-none-eabi-g++ -o "F479_Pinout.elf" @"objects.list"   -mcpu=cortex-m4 -T"C:\Users\INSTED\Desktop\INSTED_WORKSPACE\FF64-MTQ\F479_Pinout\STM32F479VITX_FLASH.ld" -Wl,-Map="F479_Pinout.map" -Wl,--gc-sections -static --specs=nano.specs -mfpu=fpv4-sp-d16 -mfloat-abi=hard -mthumb -u _printf_float -u _scanf_float -Wl,--start-group -lc -lm -lstdc++ -lsupc++ -Wl,--end-group
Finished building target: F479_Pinout.elf
 
arm-none-eabi-size   F479_Pinout.elf 
arm-none-eabi-objdump -h -S  F479_Pinout.elf  > "F479_Pinout.list"
   text	   data	    bss	    dec	    hex	filename
  46088	    496	   2220	  48804	   bea4	F479_Pinout.elf
Finished building: default.size.stdout
 
Finished building: F479_Pinout.list
 
13:15:44 **** Incremental Build of configuration Debug for project F479_Pinout ****
make -j12 all 
arm-none-eabi-g++ "../Core/Src/main.cpp" -mcpu=cortex-m4 -std=gnu++14 -g3 -DDEBUG -DUSE_HAL_DRIVER -DSTM32F479xx -c -I../Core/Inc -I../Drivers/STM32F4xx_HAL_Driver/Inc -I../Drivers/STM32F4xx_HAL_Driver/Inc/Legacy -I../Drivers/CMSIS/Device/ST/STM32F4xx/Include -I../Drivers/CMSIS/Include -O0 -ffunction-sections -fdata-sections -fno-exceptions -fno-rtti -fno-use-cxa-atexit -Wall -fstack-usage -MMD -MP -MF"Core/Src/main.d" -MT"Core/Src/main.o" --specs=nano.specs -mfpu=fpv4-sp-d16 -mfloat-abi=hard -mthumb -o "Core/Src/main.o"
arm-none-eabi-g++ -o "F479_Pinout.elf" @"objects.list"   -mcpu=cortex-m4 -T"C:\Users\INSTED\Desktop\INSTED_WORKSPACE\FF64-MTQ\F479_Pinout\STM32F479VITX_FLASH.ld" -Wl,-Map="F479_Pinout.map" -Wl,--gc-sections -static --specs=nano.specs -mfpu=fpv4-sp-d16 -mfloat-abi=hard -mthumb -u _printf_float -u _scanf_float -Wl,--start-group -lc -lm -lstdc++ -lsupc++ -Wl,--end-group
Finished building target: F479_Pinout.elf
 
arm-none-eabi-size   F479_Pinout.elf 
arm-none-eabi-objdump -h -S  F479_Pinout.elf  > "F479_Pinout.list"
   text	   data	    bss	    dec	    hex	filename
  46432	    496	   2220	  49148	   bffc	F479_Pinout.elf
Finished building: default.size.stdout
 
Finished building: F479_Pinout.list
 
13:18:11 **** Incremental Build of configuration Debug for project F479_Pinout ****
make -j12 all 
arm-none-eabi-g++ "../Core/Src/main.cpp" -mcpu=cortex-m4 -std=gnu++14 -g3 -DDEBUG -DUSE_HAL_DRIVER -DSTM32F479xx -c -I../Core/Inc -I../Drivers/STM32F4xx_HAL_Driver/Inc -I../Drivers/STM32F4xx_HAL_Driver/Inc/Legacy -I../Drivers/CMSIS/Device/ST/STM32F4xx/Include -I../Drivers/CMSIS/Include -O0 -ffunction-sections -fdata-sections -fno-exceptions -fno-rtti -fno-use-cxa-atexit -Wall -fstack-usage -MMD -MP -MF"Core/Src/main.d" -MT"Core/Src/main.o" --specs=nano.specs -mfpu=fpv4-sp-d16 -mfloat-abi=hard -mthumb -o "Core/Src/main.o"
arm-none-eabi-g++ -o "F479_Pinout.elf" @"objects.list"   -mcpu=cortex-m4 -T"C:\Users\INSTED\Desktop\INSTED_WORKSPACE\FF64-MTQ\F479_Pinout\STM32F479VITX_FLASH.ld" -Wl,-Map="F479_Pinout.map" -Wl,--gc-sections -static --specs=nano.specs -mfpu=fpv4-sp-d16 -mfloat-abi=hard -mthumb -u _printf_float -u _scanf_float -Wl,--start-group -lc -lm -lstdc++ -lsupc++ -Wl,--end-group
Finished building target: F479_Pinout.elf
 
arm-none-eabi-size   F479_Pinout.elf 
arm-none-eabi-objdump -h -S  F479_Pinout.elf  > "F479_Pinout.list"
   text	   data	    bss	    dec	    hex	filename
  46432	    496	   2220	  49148	   bffc	F479_Pinout.elf
Finished building: default.size.stdout
 
Finished building: F479_Pinout.list
 
